
Showing logs for build [32mcb-kubecd-environment-pr-174-14-r7j4s-1[0m stage [32mfrom-build-pack[0m and container [32mstep-credential-initializer-gxxf6[0m
{"level":"warn","ts":1583397662.0248282,"logger":"fallback-logger","caller":"logging/config.go:69","msg":"Fetch GitHub commit ID from kodata failed: \"ref: refs/heads/0.8.0-**-support-backwards-incompats\" is not a valid GitHub commit ID"}
{"level":"info","ts":1583397662.0260537,"logger":"fallback-logger","caller":"creds-init/main.go:40","msg":"Credentials initialized."}

Showing logs for build [32mcb-kubecd-environment-pr-174-14-r7j4s-1[0m stage [32mfrom-build-pack[0m and container [32mstep-working-dir-initializer-2ns2l[0m
{"level":"warn","ts":1583397662.7425776,"logger":"fallback-logger","caller":"logging/config.go:69","msg":"Fetch GitHub commit ID from kodata failed: open /var/run/ko/HEAD: no such file or directory"}
{"level":"info","ts":1583397662.7452781,"logger":"fallback-logger","caller":"bash/main.go:64","msg":"Successfully executed command \"sh -c mkdir -p /workspace/source\"; output "}

Showing logs for build [32mcb-kubecd-environment-pr-174-14-r7j4s-1[0m stage [32mfrom-build-pack[0m and container [32mstep-place-tools[0m

Showing logs for build [32mcb-kubecd-environment-pr-174-14-r7j4s-1[0m stage [32mfrom-build-pack[0m and container [32mstep-git-source-cb-kubecd-environment-pr-174-14-r7j4s-7smpd[0m
{"level":"warn","ts":1583397666.910621,"logger":"fallback-logger","caller":"logging/config.go:69","msg":"Fetch GitHub commit ID from kodata failed: \"ref: refs/heads/0.8.0-**-support-backwards-incompats\" is not a valid GitHub commit ID"}
{"level":"info","ts":1583397668.1228464,"logger":"fallback-logger","caller":"git/git.go:103","msg":"Successfully cloned https://github.com/cb-kubecd/environment-pr-174-14-boot-gke-staging.git @ master in path /workspace/source"}

Showing logs for build [32mcb-kubecd-environment-pr-174-14-r7j4s-1[0m stage [32mfrom-build-pack[0m and container [32mstep-git-merge[0m
Using SHAs from PULL_REFS=master:a6273fa02cbe5be50e3dbbb56595145839a7587a,1:e375508ab6062606729d9bddc6dd72394d155b3f
DEBUG: LC_ALL=C JX_LOG_LEVEL=error git fetch origin --unshallow e375508ab6062606729d9bddc6dd72394d155b3f: a6273fa02cbe5be50e3dbbb56595145839a7587a:
DEBUG: ran git fetch --unshallow origin e375508ab6062606729d9bddc6dd72394d155b3f: a6273fa02cbe5be50e3dbbb56595145839a7587a: in 
DEBUG: LC_ALL=C JX_LOG_LEVEL=error git branch
DEBUG: JX_LOG_LEVEL=error LC_ALL=C git checkout master
DEBUG: ran git checkout master in 
DEBUG: LC_ALL=C JX_LOG_LEVEL=error git reset --hard a6273fa02cbe5be50e3dbbb56595145839a7587a
DEBUG: ran git reset --hard a6273fa02cbe5be50e3dbbb56595145839a7587a in 
DEBUG: LC_ALL=C JX_LOG_LEVEL=error git clean -fd .
DEBUG: ran clean --force -d . in 
DEBUG: LC_ALL=C JX_LOG_LEVEL=error git merge e375508ab6062606729d9bddc6dd72394d155b3f
DEBUG: ran git merge e375508ab6062606729d9bddc6dd72394d155b3f in 
DEBUG: LC_ALL=C JX_LOG_LEVEL=error git log --format=%H%x1f%an%x1f%ae%x1f%cn%x1f%ce%x1f%s%n%b%x1e a6273fa02cbe5be50e3dbbb56595145839a7587a..HEAD
Merged SHA e375508ab6062606729d9bddc6dd72394d155b3f with commit message 'chore: Promote bdd-spring-1583397350 to version 0.0.1' into base branch master

Showing logs for build [32mcb-kubecd-environment-pr-174-14-r7j4s-1[0m stage [32mfrom-build-pack[0m and container [32mstep-build-helm-build[0m
WARNING: No $CHART_REPOSITORY defined so using the default value of: http://jenkins-x-chartmuseum:8080
Adding missing Helm repo: storage.googleapis.com https://storage.googleapis.com/chartmuseum.jenkins-x.io
WARNING: No secrets found on "helm/repos" due: reading the secret "helm/repos" from vault: no secret "helm/repos" not found in vault
Read credentials for https://storage.googleapis.com/chartmuseum.jenkins-x.io from vault helm/repos
Successfully added Helm repository storage.googleapis.com.
Adding missing Helm repo: jenkins-x-chartmuseum http://jenkins-x-chartmuseum:8080
WARNING: No secrets found on "helm/repos" due: reading the secret "helm/repos" from vault: no secret "helm/repos" not found in vault
Read credentials for http://jenkins-x-chartmuseum:8080 from vault helm/repos
Successfully added Helm repository jenkins-x-chartmuseum.
WARNING: No $CHART_REPOSITORY defined so using the default value of: http://jenkins-x-chartmuseum:8080
Adding missing Helm repo: chartmuseum.jenkins-x.io http://chartmuseum.jenkins-x.io
WARNING: No secrets found on "helm/repos" due: reading the secret "helm/repos" from vault: no secret "helm/repos" not found in vault
Read credentials for http://chartmuseum.jenkins-x.io from vault helm/repos
Successfully added Helm repository chartmuseum.jenkins-x.io.
